# JRE version: Java(TM) SE Runtime Environment (8.0_141-b15) (build 1.8.0_141-b15)
# Java VM: Java HotSpot(TM) 64-Bit Server VM (25.141-b15 mixed mode windows-amd64 compressed oops)
Heap:
 PSYoungGen      total 80896K, used 69632K [0x00000000d5d80000, 0x00000000db880000, 0x0000000100000000)
  eden space 69632K, 100% used [0x00000000d5d80000,0x00000000da180000,0x00000000da180000)
  from space 11264K, 0% used [0x00000000dad80000,0x00000000dad80000,0x00000000db880000)
  to   space 11776K, 0% used [0x00000000da180000,0x00000000da180000,0x00000000dad00000)
 ParOldGen       total 110080K, used 27761K [0x0000000081800000, 0x0000000088380000, 0x00000000d5d80000)
  object space 110080K, 25% used [0x0000000081800000,0x000000008331c5c0,0x0000000088380000)
 Metaspace       used 40562K, capacity 41338K, committed 41600K, reserved 1085440K
  class space    used 4948K, capacity 5203K, committed 5248K, reserved 1048576K
GC Heap History (10 events):
Event: 20.767 GC heap before
{Heap before GC invocations=12 (full 1):
 PSYoungGen      total 50688K, used 464K [0x00000000d5d80000, 0x00000000da580000, 0x0000000100000000)
  eden space 50176K, 0% used [0x00000000d5d80000,0x00000000d5d80000,0x00000000d8e80000)
  from space 512K, 90% used [0x00000000d9080000,0x00000000d90f40f0,0x00000000d9100000)
  to   space 11776K, 0% used [0x00000000d9a00000,0x00000000d9a00000,0x00000000da580000)
 ParOldGen       total 87552K, used 26087K [0x0000000081800000, 0x0000000086d80000, 0x00000000d5d80000)
  object space 87552K, 29% used [0x0000000081800000,0x0000000083179fc0,0x0000000086d80000)
 Metaspace       used 20602K, capacity 21172K, committed 21296K, reserved 1069056K
  class space    used 2489K, capacity 2664K, committed 2688K, reserved 1048576K
Event: 20.904 GC heap after
Heap after GC invocations=12 (full 1):
 PSYoungGen      total 50688K, used 0K [0x00000000d5d80000, 0x00000000da580000, 0x0000000100000000)
  eden space 50176K, 0% used [0x00000000d5d80000,0x00000000d5d80000,0x00000000d8e80000)
  from space 512K, 0% used [0x00000000d9080000,0x00000000d9080000,0x00000000d9100000)
  to   space 11776K, 0% used [0x00000000d9a00000,0x00000000d9a00000,0x00000000da580000)
 ParOldGen       total 68608K, used 20179K [0x0000000081800000, 0x0000000085b00000, 0x00000000d5d80000)
  object space 68608K, 29% used [0x0000000081800000,0x0000000082bb4ec8,0x0000000085b00000)
 Metaspace       used 20602K, capacity 21172K, committed 21296K, reserved 1069056K
  class space    used 2489K, capacity 2664K, committed 2688K, reserved 1048576K
}
Event: 21.862 GC heap before
{Heap before GC invocations=13 (full 1):
 PSYoungGen      total 50688K, used 50176K [0x00000000d5d80000, 0x00000000da580000, 0x0000000100000000)
  eden space 50176K, 100% used [0x00000000d5d80000,0x00000000d8e80000,0x00000000d8e80000)
  from space 512K, 0% used [0x00000000d9080000,0x00000000d9080000,0x00000000d9100000)
  to   space 11776K, 0% used [0x00000000d9a00000,0x00000000d9a00000,0x00000000da580000)
 ParOldGen       total 68608K, used 20179K [0x0000000081800000, 0x0000000085b00000, 0x00000000d5d80000)
  object space 68608K, 29% used [0x0000000081800000,0x0000000082bb4ec8,0x0000000085b00000)
 Metaspace       used 29727K, capacity 30394K, committed 30720K, reserved 1077248K
  class space    used 3582K, capacity 3796K, committed 3840K, reserved 1048576K
Event: 21.869 GC heap after
Heap after GC invocations=13 (full 1):
 PSYoungGen      total 61952K, used 8277K [0x00000000d5d80000, 0x00000000db980000, 0x0000000100000000)
  eden space 50176K, 0% used [0x00000000d5d80000,0x00000000d5d80000,0x00000000d8e80000)
  from space 11776K, 70% used [0x00000000d9a00000,0x00000000da2155c8,0x00000000da580000)
  to   space 11776K, 0% used [0x00000000d8e80000,0x00000000d8e80000,0x00000000d9a00000)
 ParOldGen       total 68608K, used 20251K [0x0000000081800000, 0x0000000085b00000, 0x00000000d5d80000)
  object space 68608K, 29% used [0x0000000081800000,0x0000000082bc6ed8,0x0000000085b00000)
 Metaspace       used 29727K, capacity 30394K, committed 30720K, reserved 1077248K
  class space    used 3582K, capacity 3796K, committed 3840K, reserved 1048576K
}
Event: 22.946 GC heap before
{Heap before GC invocations=14 (full 1):
 PSYoungGen      total 61952K, used 58453K [0x00000000d5d80000, 0x00000000db980000, 0x0000000100000000)
  eden space 50176K, 100% used [0x00000000d5d80000,0x00000000d8e80000,0x00000000d8e80000)
  from space 11776K, 70% used [0x00000000d9a00000,0x00000000da2155c8,0x00000000da580000)
  to   space 11776K, 0% used [0x00000000d8e80000,0x00000000d8e80000,0x00000000d9a00000)
 ParOldGen       total 68608K, used 20251K [0x0000000081800000, 0x0000000085b00000, 0x00000000d5d80000)
  object space 68608K, 29% used [0x0000000081800000,0x0000000082bc6ed8,0x0000000085b00000)
 Metaspace       used 31563K, capacity 32324K, committed 32512K, reserved 1077248K
  class space    used 3817K, capacity 4027K, committed 4096K, reserved 1048576K
Event: 22.955 GC heap after
Heap after GC invocations=14 (full 1):
 PSYoungGen      total 61952K, used 4452K [0x00000000d5d80000, 0x00000000db900000, 0x0000000100000000)
  eden space 50176K, 0% used [0x00000000d5d80000,0x00000000d5d80000,0x00000000d8e80000)
  from space 11776K, 37% used [0x00000000d8e80000,0x00000000d92d9080,0x00000000d9a00000)
  to   space 11776K, 0% used [0x00000000dad80000,0x00000000dad80000,0x00000000db900000)
 ParOldGen       total 68608K, used 22817K [0x0000000081800000, 0x0000000085b00000, 0x00000000d5d80000)
  object space 68608K, 33% used [0x0000000081800000,0x0000000082e487f0,0x0000000085b00000)
 Metaspace       used 31563K, capacity 32324K, committed 32512K, reserved 1077248K
  class space    used 3817K, capacity 4027K, committed 4096K, reserved 1048576K
}
Event: 23.918 GC heap before
{Heap before GC invocations=15 (full 1):
 PSYoungGen      total 61952K, used 52751K [0x00000000d5d80000, 0x00000000db900000, 0x0000000100000000)
  eden space 50176K, 96% used [0x00000000d5d80000,0x00000000d8caaec8,0x00000000d8e80000)
  from space 11776K, 37% used [0x00000000d8e80000,0x00000000d92d9080,0x00000000d9a00000)
  to   space 11776K, 0% used [0x00000000dad80000,0x00000000dad80000,0x00000000db900000)
 ParOldGen       total 68608K, used 22817K [0x0000000081800000, 0x0000000085b00000, 0x00000000d5d80000)
  object space 68608K, 33% used [0x0000000081800000,0x0000000082e487f0,0x0000000085b00000)
 Metaspace       used 34501K, capacity 35196K, committed 35456K, reserved 1081344K
  class space    used 4192K, capacity 4383K, committed 4480K, reserved 1048576K
Event: 23.926 GC heap after
Heap after GC invocations=15 (full 1):
 PSYoungGen      total 80896K, used 4133K [0x00000000d5d80000, 0x00000000db880000, 0x0000000100000000)
  eden space 69632K, 0% used [0x00000000d5d80000,0x00000000d5d80000,0x00000000da180000)
  from space 11264K, 36% used [0x00000000dad80000,0x00000000db189768,0x00000000db880000)
  to   space 11776K, 0% used [0x00000000da180000,0x00000000da180000,0x00000000dad00000)
 ParOldGen       total 68608K, used 24472K [0x0000000081800000, 0x0000000085b00000, 0x00000000d5d80000)
  object space 68608K, 35% used [0x0000000081800000,0x0000000082fe63c8,0x0000000085b00000)
 Metaspace       used 34501K, capacity 35196K, committed 35456K, reserved 1081344K
  class space    used 4192K, capacity 4383K, committed 4480K, reserved 1048576K
}
Event: 23.926 GC heap before
{Heap before GC invocations=16 (full 2):
 PSYoungGen      total 80896K, used 4133K [0x00000000d5d80000, 0x00000000db880000, 0x0000000100000000)
  eden space 69632K, 0% used [0x00000000d5d80000,0x00000000d5d80000,0x00000000da180000)
  from space 11264K, 36% used [0x00000000dad80000,0x00000000db189768,0x00000000db880000)
  to   space 11776K, 0% used [0x00000000da180000,0x00000000da180000,0x00000000dad00000)
 ParOldGen       total 68608K, used 24472K [0x0000000081800000, 0x0000000085b00000, 0x00000000d5d80000)
  object space 68608K, 35% used [0x0000000081800000,0x0000000082fe63c8,0x0000000085b00000)
 Metaspace       used 34501K, capacity 35196K, committed 35456K, reserved 1081344K
  class space    used 4192K, capacity 4383K, committed 4480K, reserved 1048576K
Event: 24.187 GC heap after
Heap after GC invocations=16 (full 2):
 PSYoungGen      total 80896K, used 0K [0x00000000d5d80000, 0x00000000db880000, 0x0000000100000000)
  eden space 69632K, 0% used [0x00000000d5d80000,0x00000000d5d80000,0x00000000da180000)
  from space 11264K, 0% used [0x00000000dad80000,0x00000000dad80000,0x00000000db880000)
  to   space 11776K, 0% used [0x00000000da180000,0x00000000da180000,0x00000000dad00000)
 ParOldGen       total 110080K, used 27761K [0x0000000081800000, 0x0000000088380000, 0x00000000d5d80000)
  object space 110080K, 25% used [0x0000000081800000,0x000000008331c5c0,0x0000000088380000)
 Metaspace       used 34501K, capacity 35196K, committed 35456K, reserved 1081344K
  class space    used 4192K, capacity 4383K, committed 4480K, reserved 1048576K
}

