# JRE version: Java(TM) SE Runtime Environment (8.0_141-b15) (build 1.8.0_141-b15)
# Java VM: Java HotSpot(TM) 64-Bit Server VM (25.141-b15 mixed mode windows-amd64 compressed oops)
Heap:
 PSYoungGen      total 145408K, used 91997K [0x00000000d5d80000, 0x00000000df880000, 0x0000000100000000)
  eden space 132608K, 69% used [0x00000000d5d80000,0x00000000db757440,0x00000000ddf00000)
  from space 12800K, 0% used [0x00000000ddf00000,0x00000000ddf00000,0x00000000deb80000)
  to   space 12288K, 0% used [0x00000000deb80000,0x00000000deb80000,0x00000000df780000)
 ParOldGen       total 109568K, used 27049K [0x0000000081800000, 0x0000000088300000, 0x00000000d5d80000)
  object space 109568K, 24% used [0x0000000081800000,0x000000008326a728,0x0000000088300000)
 Metaspace       used 42471K, capacity 43308K, committed 43648K, reserved 1087488K
  class space    used 5257K, capacity 5494K, committed 5504K, reserved 1048576K
GC Heap History (10 events):
Event: 13.427 GC heap before
{Heap before GC invocations=7 (full 0):
 PSYoungGen      total 144896K, used 81405K [0x00000000d5d80000, 0x00000000df880000, 0x0000000100000000)
  eden space 132608K, 53% used [0x00000000d5d80000,0x00000000da3509c0,0x00000000ddf00000)
  from space 12288K, 80% used [0x00000000deb80000,0x00000000df52ebc0,0x00000000df780000)
  to   space 12800K, 0% used [0x00000000ddf00000,0x00000000ddf00000,0x00000000deb80000)
 ParOldGen       total 87552K, used 14912K [0x0000000081800000, 0x0000000086d80000, 0x00000000d5d80000)
  object space 87552K, 17% used [0x0000000081800000,0x0000000082690130,0x0000000086d80000)
 Metaspace       used 20581K, capacity 21172K, committed 21296K, reserved 1069056K
  class space    used 2489K, capacity 2664K, committed 2688K, reserved 1048576K
Event: 13.450 GC heap after
Heap after GC invocations=7 (full 0):
 PSYoungGen      total 145408K, used 12780K [0x00000000d5d80000, 0x00000000df880000, 0x0000000100000000)
  eden space 132608K, 0% used [0x00000000d5d80000,0x00000000d5d80000,0x00000000ddf00000)
  from space 12800K, 99% used [0x00000000ddf00000,0x00000000deb7b108,0x00000000deb80000)
  to   space 12288K, 0% used [0x00000000deb80000,0x00000000deb80000,0x00000000df780000)
 ParOldGen       total 87552K, used 16924K [0x0000000081800000, 0x0000000086d80000, 0x00000000d5d80000)
  object space 87552K, 19% used [0x0000000081800000,0x00000000828870b0,0x0000000086d80000)
 Metaspace       used 20581K, capacity 21172K, committed 21296K, reserved 1069056K
  class space    used 2489K, capacity 2664K, committed 2688K, reserved 1048576K
}
Event: 13.450 GC heap before
{Heap before GC invocations=8 (full 1):
 PSYoungGen      total 145408K, used 12780K [0x00000000d5d80000, 0x00000000df880000, 0x0000000100000000)
  eden space 132608K, 0% used [0x00000000d5d80000,0x00000000d5d80000,0x00000000ddf00000)
  from space 12800K, 99% used [0x00000000ddf00000,0x00000000deb7b108,0x00000000deb80000)
  to   space 12288K, 0% used [0x00000000deb80000,0x00000000deb80000,0x00000000df780000)
 ParOldGen       total 87552K, used 16924K [0x0000000081800000, 0x0000000086d80000, 0x00000000d5d80000)
  object space 87552K, 19% used [0x0000000081800000,0x00000000828870b0,0x0000000086d80000)
 Metaspace       used 20581K, capacity 21172K, committed 21296K, reserved 1069056K
  class space    used 2489K, capacity 2664K, committed 2688K, reserved 1048576K
Event: 13.595 GC heap after
Heap after GC invocations=8 (full 1):
 PSYoungGen      total 145408K, used 0K [0x00000000d5d80000, 0x00000000df880000, 0x0000000100000000)
  eden space 132608K, 0% used [0x00000000d5d80000,0x00000000d5d80000,0x00000000ddf00000)
  from space 12800K, 0% used [0x00000000ddf00000,0x00000000ddf00000,0x00000000deb80000)
  to   space 12288K, 0% used [0x00000000deb80000,0x00000000deb80000,0x00000000df780000)
 ParOldGen       total 77312K, used 24155K [0x0000000081800000, 0x0000000086380000, 0x00000000d5d80000)
  object space 77312K, 31% used [0x0000000081800000,0x0000000082f96cd0,0x0000000086380000)
 Metaspace       used 20581K, capacity 21172K, committed 21296K, reserved 1069056K
  class space    used 2489K, capacity 2664K, committed 2688K, reserved 1048576K
}
Event: 15.931 GC heap before
{Heap before GC invocations=9 (full 1):
 PSYoungGen      total 145408K, used 132608K [0x00000000d5d80000, 0x00000000df880000, 0x0000000100000000)
  eden space 132608K, 100% used [0x00000000d5d80000,0x00000000ddf00000,0x00000000ddf00000)
  from space 12800K, 0% used [0x00000000ddf00000,0x00000000ddf00000,0x00000000deb80000)
  to   space 12288K, 0% used [0x00000000deb80000,0x00000000deb80000,0x00000000df780000)
 ParOldGen       total 77312K, used 24155K [0x0000000081800000, 0x0000000086380000, 0x00000000d5d80000)
  object space 77312K, 31% used [0x0000000081800000,0x0000000082f96cd0,0x0000000086380000)
 Metaspace       used 33229K, capacity 33974K, committed 34304K, reserved 1079296K
  class space    used 4035K, capacity 4254K, committed 4352K, reserved 1048576K
Event: 15.950 GC heap after
Heap after GC invocations=9 (full 1):
 PSYoungGen      total 144896K, used 12279K [0x00000000d5d80000, 0x00000000df880000, 0x0000000100000000)
  eden space 132608K, 0% used [0x00000000d5d80000,0x00000000d5d80000,0x00000000ddf00000)
  from space 12288K, 99% used [0x00000000deb80000,0x00000000df77dd90,0x00000000df780000)
  to   space 12800K, 0% used [0x00000000ddf00000,0x00000000ddf00000,0x00000000deb80000)
 ParOldGen       total 77312K, used 26238K [0x0000000081800000, 0x0000000086380000, 0x00000000d5d80000)
  object space 77312K, 33% used [0x0000000081800000,0x000000008319f900,0x0000000086380000)
 Metaspace       used 33229K, capacity 33974K, committed 34304K, reserved 1079296K
  class space    used 4035K, capacity 4254K, committed 4352K, reserved 1048576K
}
Event: 16.367 GC heap before
{Heap before GC invocations=10 (full 1):
 PSYoungGen      total 144896K, used 32967K [0x00000000d5d80000, 0x00000000df880000, 0x0000000100000000)
  eden space 132608K, 15% used [0x00000000d5d80000,0x00000000d71b4050,0x00000000ddf00000)
  from space 12288K, 99% used [0x00000000deb80000,0x00000000df77dd90,0x00000000df780000)
  to   space 12800K, 0% used [0x00000000ddf00000,0x00000000ddf00000,0x00000000deb80000)
 ParOldGen       total 77312K, used 26238K [0x0000000081800000, 0x0000000086380000, 0x00000000d5d80000)
  object space 77312K, 33% used [0x0000000081800000,0x000000008319f900,0x0000000086380000)
 Metaspace       used 34498K, capacity 35196K, committed 35456K, reserved 1081344K
  class space    used 4187K, capacity 4383K, committed 4480K, reserved 1048576K
Event: 16.375 GC heap after
Heap after GC invocations=10 (full 1):
 PSYoungGen      total 145408K, used 6975K [0x00000000d5d80000, 0x00000000df880000, 0x0000000100000000)
  eden space 132608K, 0% used [0x00000000d5d80000,0x00000000d5d80000,0x00000000ddf00000)
  from space 12800K, 54% used [0x00000000ddf00000,0x00000000de5cfff8,0x00000000deb80000)
  to   space 12288K, 0% used [0x00000000deb80000,0x00000000deb80000,0x00000000df780000)
 ParOldGen       total 77312K, used 26246K [0x0000000081800000, 0x0000000086380000, 0x00000000d5d80000)
  object space 77312K, 33% used [0x0000000081800000,0x00000000831a1900,0x0000000086380000)
 Metaspace       used 34498K, capacity 35196K, committed 35456K, reserved 1081344K
  class space    used 4187K, capacity 4383K, committed 4480K, reserved 1048576K
}
Event: 16.375 GC heap before
{Heap before GC invocations=11 (full 2):
 PSYoungGen      total 145408K, used 6975K [0x00000000d5d80000, 0x00000000df880000, 0x0000000100000000)
  eden space 132608K, 0% used [0x00000000d5d80000,0x00000000d5d80000,0x00000000ddf00000)
  from space 12800K, 54% used [0x00000000ddf00000,0x00000000de5cfff8,0x00000000deb80000)
  to   space 12288K, 0% used [0x00000000deb80000,0x00000000deb80000,0x00000000df780000)
 ParOldGen       total 77312K, used 26246K [0x0000000081800000, 0x0000000086380000, 0x00000000d5d80000)
  object space 77312K, 33% used [0x0000000081800000,0x00000000831a1900,0x0000000086380000)
 Metaspace       used 34498K, capacity 35196K, committed 35456K, reserved 1081344K
  class space    used 4187K, capacity 4383K, committed 4480K, reserved 1048576K
Event: 16.491 GC heap after
Heap after GC invocations=11 (full 2):
 PSYoungGen      total 145408K, used 0K [0x00000000d5d80000, 0x00000000df880000, 0x0000000100000000)
  eden space 132608K, 0% used [0x00000000d5d80000,0x00000000d5d80000,0x00000000ddf00000)
  from space 12800K, 0% used [0x00000000ddf00000,0x00000000ddf00000,0x00000000deb80000)
  to   space 12288K, 0% used [0x00000000deb80000,0x00000000deb80000,0x00000000df780000)
 ParOldGen       total 109568K, used 27049K [0x0000000081800000, 0x0000000088300000, 0x00000000d5d80000)
  object space 109568K, 24% used [0x0000000081800000,0x000000008326a728,0x0000000088300000)
 Metaspace       used 34498K, capacity 35196K, committed 35456K, reserved 1081344K
  class space    used 4187K, capacity 4383K, committed 4480K, reserved 1048576K
}

