# JRE version: Java(TM) SE Runtime Environment (8.0_141-b15) (build 1.8.0_141-b15)
# Java VM: Java HotSpot(TM) 64-Bit Server VM (25.141-b15 mixed mode windows-amd64 compressed oops)
Heap:
 PSYoungGen      total 109568K, used 18326K [0x00000000d5d80000, 0x00000000ddb00000, 0x0000000100000000)
  eden space 95744K, 4% used [0x00000000d5d80000,0x00000000d61e8850,0x00000000dbb00000)
  from space 13824K, 99% used [0x00000000dbd80000,0x00000000dcafd288,0x00000000dcb00000)
  to   space 16384K, 0% used [0x00000000dcb00000,0x00000000dcb00000,0x00000000ddb00000)
 ParOldGen       total 98816K, used 27587K [0x0000000081800000, 0x0000000087880000, 0x00000000d5d80000)
  object space 98816K, 27% used [0x0000000081800000,0x00000000832f0c90,0x0000000087880000)
 Metaspace       used 44830K, capacity 45668K, committed 46080K, reserved 1089536K
  class space    used 5591K, capacity 5862K, committed 5888K, reserved 1048576K
GC Heap History (10 events):
Event: 25.515 GC heap before
{Heap before GC invocations=15 (full 1):
 PSYoungGen      total 60928K, used 53554K [0x00000000d5d80000, 0x00000000db780000, 0x0000000100000000)
  eden space 49152K, 100% used [0x00000000d5d80000,0x00000000d8d80000,0x00000000d8d80000)
  from space 11776K, 37% used [0x00000000d8d80000,0x00000000d91ccbb0,0x00000000d9900000)
  to   space 11776K, 0% used [0x00000000dac00000,0x00000000dac00000,0x00000000db780000)
 ParOldGen       total 68608K, used 22699K [0x0000000081800000, 0x0000000085b00000, 0x00000000d5d80000)
  object space 68608K, 33% used [0x0000000081800000,0x0000000082e2ad18,0x0000000085b00000)
 Metaspace       used 34206K, capacity 34972K, committed 35328K, reserved 1081344K
  class space    used 4154K, capacity 4351K, committed 4352K, reserved 1048576K
Event: 25.523 GC heap after
Heap after GC invocations=15 (full 1):
 PSYoungGen      total 79360K, used 3964K [0x00000000d5d80000, 0x00000000db700000, 0x0000000100000000)
  eden space 68096K, 0% used [0x00000000d5d80000,0x00000000d5d80000,0x00000000da000000)
  from space 11264K, 35% used [0x00000000dac00000,0x00000000dafdf000,0x00000000db700000)
  to   space 11776K, 0% used [0x00000000da000000,0x00000000da000000,0x00000000dab80000)
 ParOldGen       total 68608K, used 24466K [0x0000000081800000, 0x0000000085b00000, 0x00000000d5d80000)
  object space 68608K, 35% used [0x0000000081800000,0x0000000082fe48f0,0x0000000085b00000)
 Metaspace       used 34206K, capacity 34972K, committed 35328K, reserved 1081344K
  class space    used 4154K, capacity 4351K, committed 4352K, reserved 1048576K
}
Event: 25.555 GC heap before
{Heap before GC invocations=16 (full 1):
 PSYoungGen      total 79360K, used 6021K [0x00000000d5d80000, 0x00000000db700000, 0x0000000100000000)
  eden space 68096K, 3% used [0x00000000d5d80000,0x00000000d5f82660,0x00000000da000000)
  from space 11264K, 35% used [0x00000000dac00000,0x00000000dafdf000,0x00000000db700000)
  to   space 11776K, 0% used [0x00000000da000000,0x00000000da000000,0x00000000dab80000)
 ParOldGen       total 68608K, used 24466K [0x0000000081800000, 0x0000000085b00000, 0x00000000d5d80000)
  object space 68608K, 35% used [0x0000000081800000,0x0000000082fe48f0,0x0000000085b00000)
 Metaspace       used 34512K, capacity 35228K, committed 35456K, reserved 1081344K
  class space    used 4192K, capacity 4415K, committed 4480K, reserved 1048576K
Event: 25.559 GC heap after
Heap after GC invocations=16 (full 1):
 PSYoungGen      total 79872K, used 374K [0x00000000d5d80000, 0x00000000dd900000, 0x0000000100000000)
  eden space 68096K, 0% used [0x00000000d5d80000,0x00000000d5d80000,0x00000000da000000)
  from space 11776K, 3% used [0x00000000da000000,0x00000000da05da50,0x00000000dab80000)
  to   space 12288K, 0% used [0x00000000dcd00000,0x00000000dcd00000,0x00000000dd900000)
 ParOldGen       total 68608K, used 26362K [0x0000000081800000, 0x0000000085b00000, 0x00000000d5d80000)
  object space 68608K, 38% used [0x0000000081800000,0x00000000831be8f0,0x0000000085b00000)
 Metaspace       used 34512K, capacity 35228K, committed 35456K, reserved 1081344K
  class space    used 4192K, capacity 4415K, committed 4480K, reserved 1048576K
}
Event: 25.559 GC heap before
{Heap before GC invocations=17 (full 2):
 PSYoungGen      total 79872K, used 374K [0x00000000d5d80000, 0x00000000dd900000, 0x0000000100000000)
  eden space 68096K, 0% used [0x00000000d5d80000,0x00000000d5d80000,0x00000000da000000)
  from space 11776K, 3% used [0x00000000da000000,0x00000000da05da50,0x00000000dab80000)
  to   space 12288K, 0% used [0x00000000dcd00000,0x00000000dcd00000,0x00000000dd900000)
 ParOldGen       total 68608K, used 26362K [0x0000000081800000, 0x0000000085b00000, 0x00000000d5d80000)
  object space 68608K, 38% used [0x0000000081800000,0x00000000831be8f0,0x0000000085b00000)
 Metaspace       used 34512K, capacity 35228K, committed 35456K, reserved 1081344K
  class space    used 4192K, capacity 4415K, committed 4480K, reserved 1048576K
Event: 25.826 GC heap after
Heap after GC invocations=17 (full 2):
 PSYoungGen      total 79872K, used 0K [0x00000000d5d80000, 0x00000000dd900000, 0x0000000100000000)
  eden space 68096K, 0% used [0x00000000d5d80000,0x00000000d5d80000,0x00000000da000000)
  from space 11776K, 0% used [0x00000000da000000,0x00000000da000000,0x00000000dab80000)
  to   space 12288K, 0% used [0x00000000dcd00000,0x00000000dcd00000,0x00000000dd900000)
 ParOldGen       total 98816K, used 25906K [0x0000000081800000, 0x0000000087880000, 0x00000000d5d80000)
  object space 98816K, 26% used [0x0000000081800000,0x000000008314c8f0,0x0000000087880000)
 Metaspace       used 34512K, capacity 35228K, committed 35456K, reserved 1081344K
  class space    used 4192K, capacity 4415K, committed 4480K, reserved 1048576K
}
Event: 27.684 GC heap before
{Heap before GC invocations=18 (full 2):
 PSYoungGen      total 79872K, used 68096K [0x00000000d5d80000, 0x00000000dd900000, 0x0000000100000000)
  eden space 68096K, 100% used [0x00000000d5d80000,0x00000000da000000,0x00000000da000000)
  from space 11776K, 0% used [0x00000000da000000,0x00000000da000000,0x00000000dab80000)
  to   space 12288K, 0% used [0x00000000dcd00000,0x00000000dcd00000,0x00000000dd900000)
 ParOldGen       total 98816K, used 25906K [0x0000000081800000, 0x0000000087880000, 0x00000000d5d80000)
  object space 98816K, 26% used [0x0000000081800000,0x000000008314c8f0,0x0000000087880000)
 Metaspace       used 40553K, capacity 41338K, committed 41600K, reserved 1085440K
  class space    used 4941K, capacity 5203K, committed 5248K, reserved 1048576K
Event: 27.699 GC heap after
Heap after GC invocations=18 (full 2):
 PSYoungGen      total 95232K, used 11579K [0x00000000d5d80000, 0x00000000dd880000, 0x0000000100000000)
  eden space 83456K, 0% used [0x00000000d5d80000,0x00000000d5d80000,0x00000000daf00000)
  from space 11776K, 98% used [0x00000000dcd00000,0x00000000dd84ece8,0x00000000dd880000)
  to   space 13824K, 0% used [0x00000000dbd80000,0x00000000dbd80000,0x00000000dcb00000)
 ParOldGen       total 98816K, used 25914K [0x0000000081800000, 0x0000000087880000, 0x00000000d5d80000)
  object space 98816K, 26% used [0x0000000081800000,0x000000008314e8f0,0x0000000087880000)
 Metaspace       used 40553K, capacity 41338K, committed 41600K, reserved 1085440K
  class space    used 4941K, capacity 5203K, committed 5248K, reserved 1048576K
}
Event: 29.570 GC heap before
{Heap before GC invocations=19 (full 2):
 PSYoungGen      total 95232K, used 95035K [0x00000000d5d80000, 0x00000000dd880000, 0x0000000100000000)
  eden space 83456K, 100% used [0x00000000d5d80000,0x00000000daf00000,0x00000000daf00000)
  from space 11776K, 98% used [0x00000000dcd00000,0x00000000dd84ece8,0x00000000dd880000)
  to   space 13824K, 0% used [0x00000000dbd80000,0x00000000dbd80000,0x00000000dcb00000)
 ParOldGen       total 98816K, used 25914K [0x0000000081800000, 0x0000000087880000, 0x00000000d5d80000)
  object space 98816K, 26% used [0x0000000081800000,0x000000008314e8f0,0x0000000087880000)
 Metaspace       used 44747K, capacity 45572K, committed 46080K, reserved 1089536K
  class space    used 5582K, capacity 5830K, committed 5888K, reserved 1048576K
Event: 29.602 GC heap after
Heap after GC invocations=19 (full 2):
 PSYoungGen      total 109568K, used 13812K [0x00000000d5d80000, 0x00000000ddb00000, 0x0000000100000000)
  eden space 95744K, 0% used [0x00000000d5d80000,0x00000000d5d80000,0x00000000dbb00000)
  from space 13824K, 99% used [0x00000000dbd80000,0x00000000dcafd288,0x00000000dcb00000)
  to   space 16384K, 0% used [0x00000000dcb00000,0x00000000dcb00000,0x00000000ddb00000)
 ParOldGen       total 98816K, used 27587K [0x0000000081800000, 0x0000000087880000, 0x00000000d5d80000)
  object space 98816K, 27% used [0x0000000081800000,0x00000000832f0c90,0x0000000087880000)
 Metaspace       used 44747K, capacity 45572K, committed 46080K, reserved 1089536K
  class space    used 5582K, capacity 5830K, committed 5888K, reserved 1048576K
}

