# JRE version: Java(TM) SE Runtime Environment (8.0_141-b15) (build 1.8.0_141-b15)
# Java VM: Java HotSpot(TM) 64-Bit Server VM (25.141-b15 mixed mode windows-amd64 compressed oops)
Heap:
 PSYoungGen      total 145408K, used 27354K [0x00000000d5d80000, 0x00000000e2600000, 0x0000000100000000)
  eden space 133120K, 20% used [0x00000000d5d80000,0x00000000d78369b8,0x00000000ddf80000)
  from space 12288K, 0% used [0x00000000ddf80000,0x00000000ddf80000,0x00000000deb80000)
  to   space 16384K, 0% used [0x00000000e1600000,0x00000000e1600000,0x00000000e2600000)
 ParOldGen       total 80896K, used 26863K [0x0000000081800000, 0x0000000086700000, 0x00000000d5d80000)
  object space 80896K, 33% used [0x0000000081800000,0x000000008323bf00,0x0000000086700000)
 Metaspace       used 37702K, capacity 38428K, committed 38656K, reserved 1083392K
  class space    used 4594K, capacity 4799K, committed 4864K, reserved 1048576K
GC Heap History (10 events):
Event: 19.798 GC heap before
{Heap before GC invocations=7 (full 0):
 PSYoungGen      total 145408K, used 81458K [0x00000000d5d80000, 0x00000000df780000, 0x0000000100000000)
  eden space 133120K, 53% used [0x00000000d5d80000,0x00000000da365ae8,0x00000000ddf80000)
  from space 12288K, 80% used [0x00000000deb80000,0x00000000df527040,0x00000000df780000)
  to   space 12288K, 0% used [0x00000000ddf80000,0x00000000ddf80000,0x00000000deb80000)
 ParOldGen       total 87552K, used 14469K [0x0000000081800000, 0x0000000086d80000, 0x00000000d5d80000)
  object space 87552K, 16% used [0x0000000081800000,0x0000000082621490,0x0000000086d80000)
 Metaspace       used 20581K, capacity 21172K, committed 21296K, reserved 1069056K
  class space    used 2483K, capacity 2664K, committed 2688K, reserved 1048576K
Event: 19.829 GC heap after
Heap after GC invocations=7 (full 0):
 PSYoungGen      total 140288K, used 12268K [0x00000000d5d80000, 0x00000000df880000, 0x0000000100000000)
  eden space 128000K, 0% used [0x00000000d5d80000,0x00000000d5d80000,0x00000000dda80000)
  from space 12288K, 99% used [0x00000000ddf80000,0x00000000deb7b108,0x00000000deb80000)
  to   space 13312K, 0% used [0x00000000deb80000,0x00000000deb80000,0x00000000df880000)
 ParOldGen       total 87552K, used 16872K [0x0000000081800000, 0x0000000086d80000, 0x00000000d5d80000)
  object space 87552K, 19% used [0x0000000081800000,0x000000008287a1f8,0x0000000086d80000)
 Metaspace       used 20581K, capacity 21172K, committed 21296K, reserved 1069056K
  class space    used 2483K, capacity 2664K, committed 2688K, reserved 1048576K
}
Event: 19.829 GC heap before
{Heap before GC invocations=8 (full 1):
 PSYoungGen      total 140288K, used 12268K [0x00000000d5d80000, 0x00000000df880000, 0x0000000100000000)
  eden space 128000K, 0% used [0x00000000d5d80000,0x00000000d5d80000,0x00000000dda80000)
  from space 12288K, 99% used [0x00000000ddf80000,0x00000000deb7b108,0x00000000deb80000)
  to   space 13312K, 0% used [0x00000000deb80000,0x00000000deb80000,0x00000000df880000)
 ParOldGen       total 87552K, used 16872K [0x0000000081800000, 0x0000000086d80000, 0x00000000d5d80000)
  object space 87552K, 19% used [0x0000000081800000,0x000000008287a1f8,0x0000000086d80000)
 Metaspace       used 20581K, capacity 21172K, committed 21296K, reserved 1069056K
  class space    used 2483K, capacity 2664K, committed 2688K, reserved 1048576K
Event: 20.011 GC heap after
Heap after GC invocations=8 (full 1):
 PSYoungGen      total 140288K, used 0K [0x00000000d5d80000, 0x00000000df880000, 0x0000000100000000)
  eden space 128000K, 0% used [0x00000000d5d80000,0x00000000d5d80000,0x00000000dda80000)
  from space 12288K, 0% used [0x00000000ddf80000,0x00000000ddf80000,0x00000000deb80000)
  to   space 13312K, 0% used [0x00000000deb80000,0x00000000deb80000,0x00000000df880000)
 ParOldGen       total 80896K, used 24134K [0x0000000081800000, 0x0000000086700000, 0x00000000d5d80000)
  object space 80896K, 29% used [0x0000000081800000,0x0000000082f91a88,0x0000000086700000)
 Metaspace       used 20581K, capacity 21172K, committed 21296K, reserved 1069056K
  class space    used 2483K, capacity 2664K, committed 2688K, reserved 1048576K
}
Event: 22.535 GC heap before
{Heap before GC invocations=9 (full 1):
 PSYoungGen      total 140288K, used 128000K [0x00000000d5d80000, 0x00000000df880000, 0x0000000100000000)
  eden space 128000K, 100% used [0x00000000d5d80000,0x00000000dda80000,0x00000000dda80000)
  from space 12288K, 0% used [0x00000000ddf80000,0x00000000ddf80000,0x00000000deb80000)
  to   space 13312K, 0% used [0x00000000deb80000,0x00000000deb80000,0x00000000df880000)
 ParOldGen       total 80896K, used 24134K [0x0000000081800000, 0x0000000086700000, 0x00000000d5d80000)
  object space 80896K, 29% used [0x0000000081800000,0x0000000082f91a88,0x0000000086700000)
 Metaspace       used 32927K, capacity 33654K, committed 33920K, reserved 1079296K
  class space    used 3981K, capacity 4190K, committed 4224K, reserved 1048576K
Event: 22.553 GC heap after
Heap after GC invocations=9 (full 1):
 PSYoungGen      total 141312K, used 13299K [0x00000000d5d80000, 0x00000000df880000, 0x0000000100000000)
  eden space 128000K, 0% used [0x00000000d5d80000,0x00000000d5d80000,0x00000000dda80000)
  from space 13312K, 99% used [0x00000000deb80000,0x00000000df87ce28,0x00000000df880000)
  to   space 12288K, 0% used [0x00000000ddf80000,0x00000000ddf80000,0x00000000deb80000)
 ParOldGen       total 80896K, used 24908K [0x0000000081800000, 0x0000000086700000, 0x00000000d5d80000)
  object space 80896K, 30% used [0x0000000081800000,0x0000000083053238,0x0000000086700000)
 Metaspace       used 32927K, capacity 33654K, committed 33920K, reserved 1079296K
  class space    used 3981K, capacity 4190K, committed 4224K, reserved 1048576K
}
Event: 22.945 GC heap before
{Heap before GC invocations=10 (full 1):
 PSYoungGen      total 141312K, used 37680K [0x00000000d5d80000, 0x00000000df880000, 0x0000000100000000)
  eden space 128000K, 19% used [0x00000000d5d80000,0x00000000d754f5a0,0x00000000dda80000)
  from space 13312K, 99% used [0x00000000deb80000,0x00000000df87ce28,0x00000000df880000)
  to   space 12288K, 0% used [0x00000000ddf80000,0x00000000ddf80000,0x00000000deb80000)
 ParOldGen       total 80896K, used 24908K [0x0000000081800000, 0x0000000086700000, 0x00000000d5d80000)
  object space 80896K, 30% used [0x0000000081800000,0x0000000083053238,0x0000000086700000)
 Metaspace       used 34510K, capacity 35196K, committed 35456K, reserved 1081344K
  class space    used 4189K, capacity 4383K, committed 4480K, reserved 1048576K
Event: 22.956 GC heap after
Heap after GC invocations=10 (full 1):
 PSYoungGen      total 145408K, used 7326K [0x00000000d5d80000, 0x00000000e2600000, 0x0000000100000000)
  eden space 133120K, 0% used [0x00000000d5d80000,0x00000000d5d80000,0x00000000ddf80000)
  from space 12288K, 59% used [0x00000000ddf80000,0x00000000de6a7b88,0x00000000deb80000)
  to   space 16384K, 0% used [0x00000000e1600000,0x00000000e1600000,0x00000000e2600000)
 ParOldGen       total 80896K, used 24916K [0x0000000081800000, 0x0000000086700000, 0x00000000d5d80000)
  object space 80896K, 30% used [0x0000000081800000,0x0000000083055238,0x0000000086700000)
 Metaspace       used 34510K, capacity 35196K, committed 35456K, reserved 1081344K
  class space    used 4189K, capacity 4383K, committed 4480K, reserved 1048576K
}
Event: 22.956 GC heap before
{Heap before GC invocations=11 (full 2):
 PSYoungGen      total 145408K, used 7326K [0x00000000d5d80000, 0x00000000e2600000, 0x0000000100000000)
  eden space 133120K, 0% used [0x00000000d5d80000,0x00000000d5d80000,0x00000000ddf80000)
  from space 12288K, 59% used [0x00000000ddf80000,0x00000000de6a7b88,0x00000000deb80000)
  to   space 16384K, 0% used [0x00000000e1600000,0x00000000e1600000,0x00000000e2600000)
 ParOldGen       total 80896K, used 24916K [0x0000000081800000, 0x0000000086700000, 0x00000000d5d80000)
  object space 80896K, 30% used [0x0000000081800000,0x0000000083055238,0x0000000086700000)
 Metaspace       used 34510K, capacity 35196K, committed 35456K, reserved 1081344K
  class space    used 4189K, capacity 4383K, committed 4480K, reserved 1048576K
Event: 23.150 GC heap after
Heap after GC invocations=11 (full 2):
 PSYoungGen      total 145408K, used 0K [0x00000000d5d80000, 0x00000000e2600000, 0x0000000100000000)
  eden space 133120K, 0% used [0x00000000d5d80000,0x00000000d5d80000,0x00000000ddf80000)
  from space 12288K, 0% used [0x00000000ddf80000,0x00000000ddf80000,0x00000000deb80000)
  to   space 16384K, 0% used [0x00000000e1600000,0x00000000e1600000,0x00000000e2600000)
 ParOldGen       total 80896K, used 26863K [0x0000000081800000, 0x0000000086700000, 0x00000000d5d80000)
  object space 80896K, 33% used [0x0000000081800000,0x000000008323bf00,0x0000000086700000)
 Metaspace       used 34510K, capacity 35196K, committed 35456K, reserved 1081344K
  class space    used 4189K, capacity 4383K, committed 4480K, reserved 1048576K
}

